[0.280s] Invoking command in '/home/df/nanodet_ROS2humble/nanodet_py/src/ros2_nanodet': CONDA_PROMPT_MODIFIER=(base) PYTHONPATH=/home/df/nanodet_ROS2humble/nanodet_py/build/ros2_nanodet/prefix_override:/usr/lib/python3/dist-packages/colcon_core/task/python/colcon_distutils_commands:/home/df/nanodet_ROS2humble/nanodet_py/install/ros2_nanodet/lib/python3.10/site-packages:${PYTHONPATH} /usr/bin/python3 -W ignore:setup.py install is deprecated setup.py egg_info --egg-base ../../build/ros2_nanodet build --build-base /home/df/nanodet_ROS2humble/nanodet_py/build/ros2_nanodet/build install --record /home/df/nanodet_ROS2humble/nanodet_py/build/ros2_nanodet/install.log --single-version-externally-managed install_data
[0.384s] running egg_info
[0.384s] creating ../../build/ros2_nanodet/ros2_nanodet.egg-info
[0.384s] writing ../../build/ros2_nanodet/ros2_nanodet.egg-info/PKG-INFO
[0.385s] writing dependency_links to ../../build/ros2_nanodet/ros2_nanodet.egg-info/dependency_links.txt
[0.385s] writing entry points to ../../build/ros2_nanodet/ros2_nanodet.egg-info/entry_points.txt
[0.385s] writing requirements to ../../build/ros2_nanodet/ros2_nanodet.egg-info/requires.txt
[0.385s] writing top-level names to ../../build/ros2_nanodet/ros2_nanodet.egg-info/top_level.txt
[0.385s] writing manifest file '../../build/ros2_nanodet/ros2_nanodet.egg-info/SOURCES.txt'
[0.386s] reading manifest file '../../build/ros2_nanodet/ros2_nanodet.egg-info/SOURCES.txt'
[0.386s] writing manifest file '../../build/ros2_nanodet/ros2_nanodet.egg-info/SOURCES.txt'
[0.386s] running build
[0.386s] running build_py
[0.386s] creating /home/df/nanodet_ROS2humble/nanodet_py/build/ros2_nanodet/build
[0.386s] creating /home/df/nanodet_ROS2humble/nanodet_py/build/ros2_nanodet/build/lib
[0.386s] creating /home/df/nanodet_ROS2humble/nanodet_py/build/ros2_nanodet/build/lib/nanodet_ros
[0.387s] copying nanodet_ros/nanodet.py -> /home/df/nanodet_ROS2humble/nanodet_py/build/ros2_nanodet/build/lib/nanodet_ros
[0.387s] copying nanodet_ros/__init__.py -> /home/df/nanodet_ROS2humble/nanodet_py/build/ros2_nanodet/build/lib/nanodet_ros
[0.387s] running install
[0.387s] running install_lib
[0.387s] creating /home/df/nanodet_ROS2humble/nanodet_py/install/ros2_nanodet/lib/python3.10/site-packages/nanodet_ros
[0.387s] copying /home/df/nanodet_ROS2humble/nanodet_py/build/ros2_nanodet/build/lib/nanodet_ros/nanodet.py -> /home/df/nanodet_ROS2humble/nanodet_py/install/ros2_nanodet/lib/python3.10/site-packages/nanodet_ros
[0.387s] copying /home/df/nanodet_ROS2humble/nanodet_py/build/ros2_nanodet/build/lib/nanodet_ros/__init__.py -> /home/df/nanodet_ROS2humble/nanodet_py/install/ros2_nanodet/lib/python3.10/site-packages/nanodet_ros
[0.387s] byte-compiling /home/df/nanodet_ROS2humble/nanodet_py/install/ros2_nanodet/lib/python3.10/site-packages/nanodet_ros/nanodet.py to nanodet.cpython-310.pyc
[0.388s] byte-compiling /home/df/nanodet_ROS2humble/nanodet_py/install/ros2_nanodet/lib/python3.10/site-packages/nanodet_ros/__init__.py to __init__.cpython-310.pyc
[0.388s] running install_data
[0.389s] creating /home/df/nanodet_ROS2humble/nanodet_py/install/ros2_nanodet/share/ament_index
[0.389s] creating /home/df/nanodet_ROS2humble/nanodet_py/install/ros2_nanodet/share/ament_index/resource_index
[0.389s] creating /home/df/nanodet_ROS2humble/nanodet_py/install/ros2_nanodet/share/ament_index/resource_index/packages
[0.389s] copying resource/ros2_nanodet -> /home/df/nanodet_ROS2humble/nanodet_py/install/ros2_nanodet/share/ament_index/resource_index/packages
[0.389s] copying package.xml -> /home/df/nanodet_ROS2humble/nanodet_py/install/ros2_nanodet/share/ros2_nanodet
[0.389s] running install_egg_info
[0.390s] Copying ../../build/ros2_nanodet/ros2_nanodet.egg-info to /home/df/nanodet_ROS2humble/nanodet_py/install/ros2_nanodet/lib/python3.10/site-packages/ros2_nanodet-0.0.0-py3.10.egg-info
[0.390s] running install_scripts
[0.400s] Installing nanodet_node script to /home/df/nanodet_ROS2humble/nanodet_py/install/ros2_nanodet/lib/ros2_nanodet
[0.401s] writing list of installed files to '/home/df/nanodet_ROS2humble/nanodet_py/build/ros2_nanodet/install.log'
[0.414s] Invoked command in '/home/df/nanodet_ROS2humble/nanodet_py/src/ros2_nanodet' returned '0': CONDA_PROMPT_MODIFIER=(base) PYTHONPATH=/home/df/nanodet_ROS2humble/nanodet_py/build/ros2_nanodet/prefix_override:/usr/lib/python3/dist-packages/colcon_core/task/python/colcon_distutils_commands:/home/df/nanodet_ROS2humble/nanodet_py/install/ros2_nanodet/lib/python3.10/site-packages:${PYTHONPATH} /usr/bin/python3 -W ignore:setup.py install is deprecated setup.py egg_info --egg-base ../../build/ros2_nanodet build --build-base /home/df/nanodet_ROS2humble/nanodet_py/build/ros2_nanodet/build install --record /home/df/nanodet_ROS2humble/nanodet_py/build/ros2_nanodet/install.log --single-version-externally-managed install_data
