running egg_info
writing build/ros2_nanodet/ros2_nanodet.egg-info/PKG-INFO
writing dependency_links to build/ros2_nanodet/ros2_nanodet.egg-info/dependency_links.txt
writing entry points to build/ros2_nanodet/ros2_nanodet.egg-info/entry_points.txt
writing requirements to build/ros2_nanodet/ros2_nanodet.egg-info/requires.txt
writing top-level names to build/ros2_nanodet/ros2_nanodet.egg-info/top_level.txt
reading manifest file 'build/ros2_nanodet/ros2_nanodet.egg-info/SOURCES.txt'
writing manifest file 'build/ros2_nanodet/ros2_nanodet.egg-info/SOURCES.txt'
running build
running build_py
copying ros2_nanodet/coco.names -> /home/df/nanodet_ROS2humble/nanodet_py/src/ros2_nanodet/build/ros2_nanodet/build/lib/ros2_nanodet
running install
running install_lib
copying /home/df/nanodet_ROS2humble/nanodet_py/src/ros2_nanodet/build/ros2_nanodet/build/lib/ros2_nanodet/coco.names -> /home/df/nanodet_ROS2humble/nanodet_py/src/ros2_nanodet/install/ros2_nanodet/lib/python3.10/site-packages/ros2_nanodet
running install_data
running install_egg_info
removing '/home/df/nanodet_ROS2humble/nanodet_py/src/ros2_nanodet/install/ros2_nanodet/lib/python3.10/site-packages/ros2_nanodet-0.0.0-py3.10.egg-info' (and everything under it)
Copying build/ros2_nanodet/ros2_nanodet.egg-info to /home/df/nanodet_ROS2humble/nanodet_py/src/ros2_nanodet/install/ros2_nanodet/lib/python3.10/site-packages/ros2_nanodet-0.0.0-py3.10.egg-info
running install_scripts
Installing nanodet_node script to /home/df/nanodet_ROS2humble/nanodet_py/src/ros2_nanodet/install/ros2_nanodet/lib/ros2_nanodet
writing list of installed files to '/home/df/nanodet_ROS2humble/nanodet_py/src/ros2_nanodet/build/ros2_nanodet/install.log'
