[0.277s] Invoking command in '/home/df/nanodet_ROS2humble/nanodet_py/src/ros2_nanodet': CONDA_PROMPT_MODIFIER=(base) PYTHONPATH=/home/df/nanodet_ROS2humble/build/ros2_nanodet/prefix_override:/usr/lib/python3/dist-packages/colcon_core/task/python/colcon_distutils_commands:/home/df/nanodet_ROS2humble/install/ros2_nanodet/lib/python3.10/site-packages:${PYTHONPATH} /usr/bin/python3 -W ignore:setup.py install is deprecated setup.py egg_info --egg-base ../../../build/ros2_nanodet build --build-base /home/df/nanodet_ROS2humble/build/ros2_nanodet/build install --record /home/df/nanodet_ROS2humble/build/ros2_nanodet/install.log --single-version-externally-managed install_data
[0.382s] running egg_info
[0.383s] creating ../../../build/ros2_nanodet/ros2_nanodet.egg-info
[0.383s] writing ../../../build/ros2_nanodet/ros2_nanodet.egg-info/PKG-INFO
[0.383s] writing dependency_links to ../../../build/ros2_nanodet/ros2_nanodet.egg-info/dependency_links.txt
[0.383s] writing entry points to ../../../build/ros2_nanodet/ros2_nanodet.egg-info/entry_points.txt
[0.383s] writing requirements to ../../../build/ros2_nanodet/ros2_nanodet.egg-info/requires.txt
[0.383s] writing top-level names to ../../../build/ros2_nanodet/ros2_nanodet.egg-info/top_level.txt
[0.383s] writing manifest file '../../../build/ros2_nanodet/ros2_nanodet.egg-info/SOURCES.txt'
[0.384s] reading manifest file '../../../build/ros2_nanodet/ros2_nanodet.egg-info/SOURCES.txt'
[0.384s] writing manifest file '../../../build/ros2_nanodet/ros2_nanodet.egg-info/SOURCES.txt'
[0.384s] running build
[0.384s] running build_py
[0.384s] creating /home/df/nanodet_ROS2humble/build/ros2_nanodet/build
[0.384s] creating /home/df/nanodet_ROS2humble/build/ros2_nanodet/build/lib
[0.384s] creating /home/df/nanodet_ROS2humble/build/ros2_nanodet/build/lib/ros2_nanodet
[0.384s] copying ros2_nanodet/nanodet.py -> /home/df/nanodet_ROS2humble/build/ros2_nanodet/build/lib/ros2_nanodet
[0.385s] copying ros2_nanodet/__init__.py -> /home/df/nanodet_ROS2humble/build/ros2_nanodet/build/lib/ros2_nanodet
[0.385s] copying ros2_nanodet/coco.names -> /home/df/nanodet_ROS2humble/build/ros2_nanodet/build/lib/ros2_nanodet
[0.385s] copying ros2_nanodet/nanodet.onnx -> /home/df/nanodet_ROS2humble/build/ros2_nanodet/build/lib/ros2_nanodet
[0.386s] running install
[0.386s] running install_lib
[0.386s] creating /home/df/nanodet_ROS2humble/install/ros2_nanodet/lib/python3.10/site-packages/ros2_nanodet
[0.386s] copying /home/df/nanodet_ROS2humble/build/ros2_nanodet/build/lib/ros2_nanodet/coco.names -> /home/df/nanodet_ROS2humble/install/ros2_nanodet/lib/python3.10/site-packages/ros2_nanodet
[0.386s] copying /home/df/nanodet_ROS2humble/build/ros2_nanodet/build/lib/ros2_nanodet/nanodet.py -> /home/df/nanodet_ROS2humble/install/ros2_nanodet/lib/python3.10/site-packages/ros2_nanodet
[0.387s] copying /home/df/nanodet_ROS2humble/build/ros2_nanodet/build/lib/ros2_nanodet/nanodet.onnx -> /home/df/nanodet_ROS2humble/install/ros2_nanodet/lib/python3.10/site-packages/ros2_nanodet
[0.388s] copying /home/df/nanodet_ROS2humble/build/ros2_nanodet/build/lib/ros2_nanodet/__init__.py -> /home/df/nanodet_ROS2humble/install/ros2_nanodet/lib/python3.10/site-packages/ros2_nanodet
[0.388s] byte-compiling /home/df/nanodet_ROS2humble/install/ros2_nanodet/lib/python3.10/site-packages/ros2_nanodet/nanodet.py to nanodet.cpython-310.pyc
[0.389s] byte-compiling /home/df/nanodet_ROS2humble/install/ros2_nanodet/lib/python3.10/site-packages/ros2_nanodet/__init__.py to __init__.cpython-310.pyc
[0.389s] running install_data
[0.389s] creating /home/df/nanodet_ROS2humble/install/ros2_nanodet/share/ament_index
[0.389s] creating /home/df/nanodet_ROS2humble/install/ros2_nanodet/share/ament_index/resource_index
[0.390s] creating /home/df/nanodet_ROS2humble/install/ros2_nanodet/share/ament_index/resource_index/packages
[0.390s] copying resource/ros2_nanodet -> /home/df/nanodet_ROS2humble/install/ros2_nanodet/share/ament_index/resource_index/packages
[0.390s] copying package.xml -> /home/df/nanodet_ROS2humble/install/ros2_nanodet/share/ros2_nanodet
[0.390s] running install_egg_info
[0.391s] Copying ../../../build/ros2_nanodet/ros2_nanodet.egg-info to /home/df/nanodet_ROS2humble/install/ros2_nanodet/lib/python3.10/site-packages/ros2_nanodet-0.0.0-py3.10.egg-info
[0.391s] running install_scripts
[0.401s] Installing nanodet_node script to /home/df/nanodet_ROS2humble/install/ros2_nanodet/lib/ros2_nanodet
[0.401s] writing list of installed files to '/home/df/nanodet_ROS2humble/build/ros2_nanodet/install.log'
[0.413s] Invoked command in '/home/df/nanodet_ROS2humble/nanodet_py/src/ros2_nanodet' returned '0': CONDA_PROMPT_MODIFIER=(base) PYTHONPATH=/home/df/nanodet_ROS2humble/build/ros2_nanodet/prefix_override:/usr/lib/python3/dist-packages/colcon_core/task/python/colcon_distutils_commands:/home/df/nanodet_ROS2humble/install/ros2_nanodet/lib/python3.10/site-packages:${PYTHONPATH} /usr/bin/python3 -W ignore:setup.py install is deprecated setup.py egg_info --egg-base ../../../build/ros2_nanodet build --build-base /home/df/nanodet_ROS2humble/build/ros2_nanodet/build install --record /home/df/nanodet_ROS2humble/build/ros2_nanodet/install.log --single-version-externally-managed install_data
