[0.097s] DEBUG:colcon:Command line arguments: ['/usr/bin/colcon', 'build', '--symlink-install']
[0.097s] DEBUG:colcon:Parsed command line arguments: Namespace(log_base=None, log_level=None, verb_name='build', build_base='build', install_base='install', merge_install=False, symlink_install=True, test_result_base=None, continue_on_error=False, executor='parallel', parallel_workers=24, event_handlers=None, ignore_user_meta=False, metas=['./colcon.meta'], base_paths=['.'], packages_ignore=None, packages_ignore_regex=None, paths=None, packages_up_to=None, packages_up_to_regex=None, packages_above=None, packages_above_and_dependencies=None, packages_above_depth=None, packages_select_by_dep=None, packages_skip_by_dep=None, packages_skip_up_to=None, packages_select_build_failed=False, packages_skip_build_finished=False, packages_select_test_failures=False, packages_skip_test_passed=False, packages_select=None, packages_skip=None, packages_select_regex=None, packages_skip_regex=None, packages_start=None, packages_end=None, allow_overriding=[], cmake_args=None, cmake_target=None, cmake_target_skip_unavailable=False, cmake_clean_cache=False, cmake_clean_first=False, cmake_force_configure=False, ament_cmake_args=None, catkin_cmake_args=None, catkin_skip_building_tests=False, verb_parser=<colcon_defaults.argument_parser.defaults.DefaultArgumentsDecorator object at 0x7f32a66e4970>, verb_extension=<colcon_core.verb.build.BuildVerb object at 0x7f32a66e4190>, main=<bound method BuildVerb.main of <colcon_core.verb.build.BuildVerb object at 0x7f32a66e4190>>)
[0.164s] Level 1:colcon.colcon_core.package_discovery:discover_packages(colcon_meta) check parameters
[0.165s] Level 1:colcon.colcon_core.package_discovery:discover_packages(recursive) check parameters
[0.165s] Level 1:colcon.colcon_core.package_discovery:discover_packages(ignore) check parameters
[0.165s] Level 1:colcon.colcon_core.package_discovery:discover_packages(path) check parameters
[0.165s] Level 1:colcon.colcon_core.package_discovery:discover_packages(colcon_meta) discover
[0.165s] Level 1:colcon.colcon_core.package_discovery:discover_packages(recursive) discover
[0.165s] INFO:colcon.colcon_core.package_discovery:Crawling recursively for packages in '/home/df/nanodet_ROS2humble/nanodet_py'
[0.165s] Level 1:colcon.colcon_core.package_identification:_identify(.) by extensions ['ignore', 'ignore_ament_install']
[0.165s] Level 1:colcon.colcon_core.package_identification:_identify(.) by extension 'ignore'
[0.165s] Level 1:colcon.colcon_core.package_identification:_identify(.) by extension 'ignore_ament_install'
[0.165s] Level 1:colcon.colcon_core.package_identification:_identify(.) by extensions ['colcon_pkg']
[0.165s] Level 1:colcon.colcon_core.package_identification:_identify(.) by extension 'colcon_pkg'
[0.165s] Level 1:colcon.colcon_core.package_identification:_identify(.) by extensions ['colcon_meta']
[0.165s] Level 1:colcon.colcon_core.package_identification:_identify(.) by extension 'colcon_meta'
[0.165s] Level 1:colcon.colcon_core.package_identification:_identify(.) by extensions ['ros']
[0.165s] Level 1:colcon.colcon_core.package_identification:_identify(.) by extension 'ros'
[0.171s] Level 1:colcon.colcon_core.package_identification:_identify(.) by extensions ['cmake', 'python']
[0.171s] Level 1:colcon.colcon_core.package_identification:_identify(.) by extension 'cmake'
[0.171s] Level 1:colcon.colcon_core.package_identification:_identify(.) by extension 'python'
[0.171s] Level 1:colcon.colcon_core.package_identification:_identify(.) by extensions ['python_setup_py']
[0.171s] Level 1:colcon.colcon_core.package_identification:_identify(.) by extension 'python_setup_py'
[0.171s] Level 1:colcon.colcon_core.package_identification:_identify(build) by extensions ['ignore', 'ignore_ament_install']
[0.171s] Level 1:colcon.colcon_core.package_identification:_identify(build) by extension 'ignore'
[0.171s] Level 1:colcon.colcon_core.package_identification:_identify(build) ignored
[0.171s] Level 1:colcon.colcon_core.package_identification:_identify(install) by extensions ['ignore', 'ignore_ament_install']
[0.171s] Level 1:colcon.colcon_core.package_identification:_identify(install) by extension 'ignore'
[0.171s] Level 1:colcon.colcon_core.package_identification:_identify(install) ignored
[0.171s] Level 1:colcon.colcon_core.package_identification:_identify(log) by extensions ['ignore', 'ignore_ament_install']
[0.171s] Level 1:colcon.colcon_core.package_identification:_identify(log) by extension 'ignore'
[0.171s] Level 1:colcon.colcon_core.package_identification:_identify(log) ignored
[0.171s] Level 1:colcon.colcon_core.package_identification:_identify(src) by extensions ['ignore', 'ignore_ament_install']
[0.171s] Level 1:colcon.colcon_core.package_identification:_identify(src) by extension 'ignore'
[0.171s] Level 1:colcon.colcon_core.package_identification:_identify(src) by extension 'ignore_ament_install'
[0.171s] Level 1:colcon.colcon_core.package_identification:_identify(src) by extensions ['colcon_pkg']
[0.171s] Level 1:colcon.colcon_core.package_identification:_identify(src) by extension 'colcon_pkg'
[0.171s] Level 1:colcon.colcon_core.package_identification:_identify(src) by extensions ['colcon_meta']
[0.171s] Level 1:colcon.colcon_core.package_identification:_identify(src) by extension 'colcon_meta'
[0.171s] Level 1:colcon.colcon_core.package_identification:_identify(src) by extensions ['ros']
[0.171s] Level 1:colcon.colcon_core.package_identification:_identify(src) by extension 'ros'
[0.171s] Level 1:colcon.colcon_core.package_identification:_identify(src) by extensions ['cmake', 'python']
[0.171s] Level 1:colcon.colcon_core.package_identification:_identify(src) by extension 'cmake'
[0.171s] Level 1:colcon.colcon_core.package_identification:_identify(src) by extension 'python'
[0.171s] Level 1:colcon.colcon_core.package_identification:_identify(src) by extensions ['python_setup_py']
[0.171s] Level 1:colcon.colcon_core.package_identification:_identify(src) by extension 'python_setup_py'
[0.171s] Level 1:colcon.colcon_core.package_identification:_identify(src/ros2_nanodet) by extensions ['ignore', 'ignore_ament_install']
[0.171s] Level 1:colcon.colcon_core.package_identification:_identify(src/ros2_nanodet) by extension 'ignore'
[0.171s] Level 1:colcon.colcon_core.package_identification:_identify(src/ros2_nanodet) by extension 'ignore_ament_install'
[0.171s] Level 1:colcon.colcon_core.package_identification:_identify(src/ros2_nanodet) by extensions ['colcon_pkg']
[0.171s] Level 1:colcon.colcon_core.package_identification:_identify(src/ros2_nanodet) by extension 'colcon_pkg'
[0.171s] Level 1:colcon.colcon_core.package_identification:_identify(src/ros2_nanodet) by extensions ['colcon_meta']
[0.171s] Level 1:colcon.colcon_core.package_identification:_identify(src/ros2_nanodet) by extension 'colcon_meta'
[0.171s] Level 1:colcon.colcon_core.package_identification:_identify(src/ros2_nanodet) by extensions ['ros']
[0.171s] Level 1:colcon.colcon_core.package_identification:_identify(src/ros2_nanodet) by extension 'ros'
[0.173s] DEBUG:colcon.colcon_core.package_identification:Package 'src/ros2_nanodet' with type 'ros.ament_python' and name 'ros2_nanodet'
[0.173s] Level 1:colcon.colcon_core.package_discovery:discover_packages(recursive) using defaults
[0.173s] Level 1:colcon.colcon_core.package_discovery:discover_packages(ignore) discover
[0.173s] Level 1:colcon.colcon_core.package_discovery:discover_packages(ignore) using defaults
[0.173s] Level 1:colcon.colcon_core.package_discovery:discover_packages(path) discover
[0.173s] Level 1:colcon.colcon_core.package_discovery:discover_packages(path) using defaults
[0.183s] Level 1:colcon.colcon_core.package_discovery:discover_packages(prefix_path) check parameters
[0.183s] Level 1:colcon.colcon_core.package_discovery:discover_packages(prefix_path) discover
[0.183s] WARNING:colcon.colcon_ros.prefix_path.ament:The path '/home/df/nanodet_ROS2humble/nanodet_py/install/ros2_nanodet' in the environment variable AMENT_PREFIX_PATH doesn't exist
[0.183s] DEBUG:colcon.colcon_installed_package_information.package_discovery:Found 0 installed packages in /home/df/nanodet_ROS2humble/nanodet_py/install
[0.184s] DEBUG:colcon.colcon_installed_package_information.package_discovery:Found 319 installed packages in /opt/ros/humble
[0.185s] Level 1:colcon.colcon_core.package_discovery:discover_packages(prefix_path) using defaults
[0.209s] Level 5:colcon.colcon_core.verb:set package 'ros2_nanodet' build argument 'cmake_args' from command line to 'None'
[0.209s] Level 5:colcon.colcon_core.verb:set package 'ros2_nanodet' build argument 'cmake_target' from command line to 'None'
[0.209s] Level 5:colcon.colcon_core.verb:set package 'ros2_nanodet' build argument 'cmake_target_skip_unavailable' from command line to 'False'
[0.209s] Level 5:colcon.colcon_core.verb:set package 'ros2_nanodet' build argument 'cmake_clean_cache' from command line to 'False'
[0.209s] Level 5:colcon.colcon_core.verb:set package 'ros2_nanodet' build argument 'cmake_clean_first' from command line to 'False'
[0.209s] Level 5:colcon.colcon_core.verb:set package 'ros2_nanodet' build argument 'cmake_force_configure' from command line to 'False'
[0.209s] Level 5:colcon.colcon_core.verb:set package 'ros2_nanodet' build argument 'ament_cmake_args' from command line to 'None'
[0.209s] Level 5:colcon.colcon_core.verb:set package 'ros2_nanodet' build argument 'catkin_cmake_args' from command line to 'None'
[0.209s] Level 5:colcon.colcon_core.verb:set package 'ros2_nanodet' build argument 'catkin_skip_building_tests' from command line to 'False'
[0.209s] DEBUG:colcon.colcon_core.verb:Building package 'ros2_nanodet' with the following arguments: {'ament_cmake_args': None, 'build_base': '/home/df/nanodet_ROS2humble/nanodet_py/build/ros2_nanodet', 'catkin_cmake_args': None, 'catkin_skip_building_tests': False, 'cmake_args': None, 'cmake_clean_cache': False, 'cmake_clean_first': False, 'cmake_force_configure': False, 'cmake_target': None, 'cmake_target_skip_unavailable': False, 'install_base': '/home/df/nanodet_ROS2humble/nanodet_py/install/ros2_nanodet', 'merge_install': False, 'path': '/home/df/nanodet_ROS2humble/nanodet_py/src/ros2_nanodet', 'symlink_install': True, 'test_result_base': None}
[0.209s] INFO:colcon.colcon_core.executor:Executing jobs using 'parallel' executor
[0.209s] DEBUG:colcon.colcon_parallel_executor.executor.parallel:run_until_complete
[0.210s] INFO:colcon.colcon_ros.task.ament_python.build:Building ROS package in '/home/df/nanodet_ROS2humble/nanodet_py/src/ros2_nanodet' with build type 'ament_python'
[0.210s] Level 1:colcon.colcon_core.shell:create_environment_hook('ros2_nanodet', 'ament_prefix_path')
[0.211s] INFO:colcon.colcon_core.plugin_system:Skipping extension 'colcon_core.shell.bat': Not used on non-Windows systems
[0.211s] INFO:colcon.colcon_core.shell:Creating environment hook '/home/df/nanodet_ROS2humble/nanodet_py/install/ros2_nanodet/share/ros2_nanodet/hook/ament_prefix_path.ps1'
[0.212s] INFO:colcon.colcon_core.shell:Creating environment descriptor '/home/df/nanodet_ROS2humble/nanodet_py/install/ros2_nanodet/share/ros2_nanodet/hook/ament_prefix_path.dsv'
[0.212s] INFO:colcon.colcon_core.shell:Creating environment hook '/home/df/nanodet_ROS2humble/nanodet_py/install/ros2_nanodet/share/ros2_nanodet/hook/ament_prefix_path.sh'
[0.212s] INFO:colcon.colcon_core.shell:Skip shell extension 'powershell' for command environment: Not usable outside of PowerShell
[0.212s] DEBUG:colcon.colcon_core.shell:Skip shell extension 'dsv' for command environment
[0.326s] INFO:colcon.colcon_core.task.python.build:Building Python package in '/home/df/nanodet_ROS2humble/nanodet_py/src/ros2_nanodet'
[0.326s] INFO:colcon.colcon_core.shell:Skip shell extension 'powershell' for command environment: Not usable outside of PowerShell
[0.326s] DEBUG:colcon.colcon_core.shell:Skip shell extension 'dsv' for command environment
[0.482s] DEBUG:colcon.colcon_core.event_handler.log_command:Invoking command in '/home/df/nanodet_ROS2humble/nanodet_py/build/ros2_nanodet': CONDA_PROMPT_MODIFIER=(base) PYTHONPATH=/home/df/nanodet_ROS2humble/nanodet_py/build/ros2_nanodet/prefix_override:/usr/lib/python3/dist-packages/colcon_core/task/python/colcon_distutils_commands:/home/df/nanodet_ROS2humble/nanodet_py/install/ros2_nanodet/lib/python3.10/site-packages:${PYTHONPATH} /usr/bin/python3 -W ignore:setup.py install is deprecated setup.py develop --editable --build-directory /home/df/nanodet_ROS2humble/nanodet_py/build/ros2_nanodet/build --no-deps symlink_data
[0.693s] Level 1:colcon.colcon_core.shell:create_environment_hook('ros2_nanodet', 'pythonpath_develop')
[0.693s] INFO:colcon.colcon_core.shell:Creating environment hook '/home/df/nanodet_ROS2humble/nanodet_py/build/ros2_nanodet/share/ros2_nanodet/hook/pythonpath_develop.ps1'
[0.693s] DEBUG:colcon.colcon_core.event_handler.log_command:Invoked command in '/home/df/nanodet_ROS2humble/nanodet_py/build/ros2_nanodet' returned '0': CONDA_PROMPT_MODIFIER=(base) PYTHONPATH=/home/df/nanodet_ROS2humble/nanodet_py/build/ros2_nanodet/prefix_override:/usr/lib/python3/dist-packages/colcon_core/task/python/colcon_distutils_commands:/home/df/nanodet_ROS2humble/nanodet_py/install/ros2_nanodet/lib/python3.10/site-packages:${PYTHONPATH} /usr/bin/python3 -W ignore:setup.py install is deprecated setup.py develop --editable --build-directory /home/df/nanodet_ROS2humble/nanodet_py/build/ros2_nanodet/build --no-deps symlink_data
[0.693s] INFO:colcon.colcon_core.shell:Creating environment descriptor '/home/df/nanodet_ROS2humble/nanodet_py/build/ros2_nanodet/share/ros2_nanodet/hook/pythonpath_develop.dsv'
[0.694s] INFO:colcon.colcon_core.shell:Creating environment hook '/home/df/nanodet_ROS2humble/nanodet_py/build/ros2_nanodet/share/ros2_nanodet/hook/pythonpath_develop.sh'
[0.695s] Level 1:colcon.colcon_core.environment:checking '/home/df/nanodet_ROS2humble/nanodet_py/install/ros2_nanodet' for CMake module files
[0.695s] Level 1:colcon.colcon_core.environment:checking '/home/df/nanodet_ROS2humble/nanodet_py/install/ros2_nanodet' for CMake config files
[0.695s] Level 1:colcon.colcon_core.environment:checking '/home/df/nanodet_ROS2humble/nanodet_py/install/ros2_nanodet/lib'
[0.695s] Level 1:colcon.colcon_core.environment:checking '/home/df/nanodet_ROS2humble/nanodet_py/install/ros2_nanodet/bin'
[0.695s] Level 1:colcon.colcon_core.environment:checking '/home/df/nanodet_ROS2humble/nanodet_py/install/ros2_nanodet/lib/pkgconfig/ros2_nanodet.pc'
[0.695s] Level 1:colcon.colcon_core.environment:checking '/home/df/nanodet_ROS2humble/nanodet_py/install/ros2_nanodet/lib/python3.10/site-packages'
[0.695s] Level 1:colcon.colcon_core.shell:create_environment_hook('ros2_nanodet', 'pythonpath')
[0.695s] INFO:colcon.colcon_core.shell:Creating environment hook '/home/df/nanodet_ROS2humble/nanodet_py/install/ros2_nanodet/share/ros2_nanodet/hook/pythonpath.ps1'
[0.696s] INFO:colcon.colcon_core.shell:Creating environment descriptor '/home/df/nanodet_ROS2humble/nanodet_py/install/ros2_nanodet/share/ros2_nanodet/hook/pythonpath.dsv'
[0.696s] INFO:colcon.colcon_core.shell:Creating environment hook '/home/df/nanodet_ROS2humble/nanodet_py/install/ros2_nanodet/share/ros2_nanodet/hook/pythonpath.sh'
[0.696s] Level 1:colcon.colcon_core.environment:checking '/home/df/nanodet_ROS2humble/nanodet_py/install/ros2_nanodet/bin'
[0.696s] Level 1:colcon.colcon_core.environment:create_environment_scripts_only(ros2_nanodet)
[0.696s] INFO:colcon.colcon_core.shell:Creating package script '/home/df/nanodet_ROS2humble/nanodet_py/install/ros2_nanodet/share/ros2_nanodet/package.ps1'
[0.697s] INFO:colcon.colcon_core.shell:Creating package descriptor '/home/df/nanodet_ROS2humble/nanodet_py/install/ros2_nanodet/share/ros2_nanodet/package.dsv'
[0.697s] INFO:colcon.colcon_core.shell:Creating package script '/home/df/nanodet_ROS2humble/nanodet_py/install/ros2_nanodet/share/ros2_nanodet/package.sh'
[0.697s] INFO:colcon.colcon_core.shell:Creating package script '/home/df/nanodet_ROS2humble/nanodet_py/install/ros2_nanodet/share/ros2_nanodet/package.bash'
[0.697s] INFO:colcon.colcon_core.shell:Creating package script '/home/df/nanodet_ROS2humble/nanodet_py/install/ros2_nanodet/share/ros2_nanodet/package.zsh'
[0.698s] Level 1:colcon.colcon_core.environment:create_file_with_runtime_dependencies(/home/df/nanodet_ROS2humble/nanodet_py/install/ros2_nanodet/share/colcon-core/packages/ros2_nanodet)
[0.698s] DEBUG:colcon.colcon_parallel_executor.executor.parallel:closing loop
[0.698s] DEBUG:colcon.colcon_parallel_executor.executor.parallel:loop closed
[0.698s] DEBUG:colcon.colcon_parallel_executor.executor.parallel:run_until_complete finished with '0'
[0.698s] DEBUG:colcon.colcon_core.event_reactor:joining thread
[0.712s] INFO:colcon.colcon_core.plugin_system:Skipping extension 'colcon_notification.desktop_notification.notify_send': Could not find 'notify-send'
[0.712s] INFO:colcon.colcon_core.plugin_system:Skipping extension 'colcon_notification.desktop_notification.terminal_notifier': Not used on non-Darwin systems
[0.712s] INFO:colcon.colcon_core.plugin_system:Skipping extension 'colcon_notification.desktop_notification.win32': Not used on non-Windows systems
[0.712s] INFO:colcon.colcon_notification.desktop_notification:Sending desktop notification using 'notify2'
[133.281s] DEBUG:colcon.colcon_notification.desktop_notification.notify2:Failed to initialize notify2: org.freedesktop.DBus.Error.Spawn.ExecFailed: /usr/bin/dbus-launch terminated abnormally with the following error: Autolaunch error: X11 initialization failed.

[133.283s] DEBUG:colcon.colcon_core.event_reactor:joined thread
[133.285s] INFO:colcon.colcon_core.shell:Creating prefix script '/home/df/nanodet_ROS2humble/nanodet_py/install/local_setup.ps1'
[133.289s] INFO:colcon.colcon_core.shell:Creating prefix util module '/home/df/nanodet_ROS2humble/nanodet_py/install/_local_setup_util_ps1.py'
[133.290s] INFO:colcon.colcon_core.shell:Creating prefix chain script '/home/df/nanodet_ROS2humble/nanodet_py/install/setup.ps1'
[133.290s] INFO:colcon.colcon_core.shell:Creating prefix script '/home/df/nanodet_ROS2humble/nanodet_py/install/local_setup.sh'
[133.290s] INFO:colcon.colcon_core.shell:Creating prefix util module '/home/df/nanodet_ROS2humble/nanodet_py/install/_local_setup_util_sh.py'
[133.291s] INFO:colcon.colcon_core.shell:Creating prefix chain script '/home/df/nanodet_ROS2humble/nanodet_py/install/setup.sh'
[133.291s] INFO:colcon.colcon_core.shell:Creating prefix script '/home/df/nanodet_ROS2humble/nanodet_py/install/local_setup.bash'
[133.291s] INFO:colcon.colcon_core.shell:Creating prefix chain script '/home/df/nanodet_ROS2humble/nanodet_py/install/setup.bash'
[133.292s] INFO:colcon.colcon_core.shell:Creating prefix script '/home/df/nanodet_ROS2humble/nanodet_py/install/local_setup.zsh'
[133.292s] INFO:colcon.colcon_core.shell:Creating prefix chain script '/home/df/nanodet_ROS2humble/nanodet_py/install/setup.zsh'
